[2021-12-12T16:37:44.724336+00:00] wjcrypto-log.INFO: Acesso à rota: /trilha01/customer/ [] []
[2021-12-12T16:38:17.358244+00:00] wjcrypto-log.INFO: Acesso à rota: /trilha01/customer/ [] []
[2021-12-12T16:38:45.208863+00:00] wjcrypto-log.INFO: Acesso à rota: /trilha01/company/ [] []
[2021-12-12T19:40:31.485186+00:00] wjcrypto-log.INFO: Acesso à rota: /trilha01/auth/ [] []
[2021-12-12T19:40:31.489346+00:00] wjcrypto-log.INFO: Falha no Login efetuado pelo usuário: joao@joao.com.br [] []
[2021-12-12T19:40:38.910157+00:00] wjcrypto-log.INFO: Acesso à rota: /trilha01/customer/ [] []
[2021-12-12T19:40:42.627254+00:00] wjcrypto-log.INFO: Acesso à rota: /trilha01/auth/ [] []
[2021-12-12T19:40:42.687413+00:00] wjcrypto-log.INFO: Login efetuado pelo usuário: joao@joao.com.br [] []
[2021-12-12T19:40:59.510083+00:00] wjcrypto-log.INFO: Acesso à rota: /trilha01/transaction/34/transfer/ [] []
[2021-12-12T19:41:43.671548+00:00] wjcrypto-log.INFO: Acesso à rota: /trilha01/transaction/34/transfer/ [] []
[2021-12-12T19:41:58.966235+00:00] wjcrypto-log.INFO: Acesso à rota: /trilha01/transaction/34/transfer/ [] []
[2021-12-12T19:42:14.627862+00:00] wjcrypto-log.INFO: Acesso à rota: /trilha01/transaction/34/transfer/ [] []
[2021-12-12T19:42:31.321358+00:00] wjcrypto-log.INFO: Acesso à rota: /trilha01/transaction/34/transfer/ [] []
[2021-12-12T19:42:39.013650+00:00] wjcrypto-log.INFO: Acesso à rota: /trilha01/transaction/34/transfer/ [] []
[2021-12-12T19:42:58.716844+00:00] wjcrypto-log.INFO: Acesso à rota: /trilha01/transaction/34/transfer/ [] []
[2021-12-12T21:34:42.119686+00:00] wjcrypto-log.INFO: Acesso à rota: /trilha01/transaction/49/deposit/ [] []
[2021-12-12T21:34:42.140387+00:00] wjcrypto-log.INFO: Depósito efetuado na conta de ID: 49 [] []
[2021-12-12T21:34:55.523701+00:00] wjcrypto-log.INFO: Acesso à rota: /trilha01/transaction/49/payment/ [] []
[2021-12-12T21:34:55.543601+00:00] wjcrypto-log.INFO: Pagamento efetuado na conta de ID: 49 [] []
teste[2021-12-21T10:41:17.046863+00:00] wjcrypto-log.INFO: Método: GET | Rota: /trilha01/ [] []
[2021-12-21T10:41:17.054644+00:00] wjcrypto-log.NOTICE: Endereço inválido [] []
[2021-12-21T11:01:36.912897+00:00] wjcrypto-log.INFO: Método: POST | Rota: /trilha01/customer/ [] []
[2021-12-21T11:02:24.857953+00:00] wjcrypto-log.INFO: Método: POST | Rota: /trilha01/customer/ [] []
[2021-12-21T11:02:52.877130+00:00] wjcrypto-log.INFO: Método: POST | Rota: /trilha01/customer/ [] []
[2021-12-21T11:03:44.726914+00:00] wjcrypto-log.INFO: Método: POST | Rota: /trilha01/customer/ [] []
[2021-12-21T11:04:38.174404+00:00] wjcrypto-log.INFO: Método: POST | Rota: /trilha01/customer/ [] []
[2021-12-21T11:05:18.093128+00:00] wjcrypto-log.INFO: Método: POST | Rota: /trilha01/customer/ [] []
[2021-12-21T11:05:31.441401+00:00] wjcrypto-log.INFO: Método: POST | Rota: /trilha01/customer/ [] []
[2021-12-21T11:08:40.695225+00:00] wjcrypto-log.INFO: Método: POST | Rota: /trilha01/auth/ [] []
[2021-12-21T11:08:40.767874+00:00] wjcrypto-log.INFO: Login efetuado pelo usuário: teste@teste.com [] []
[2021-12-21T11:08:40.813713+00:00] wjcrypto-log.INFO: Método: GET | Rota: /trilha01/dashboard/ [] []
[2021-12-21T11:08:40.827757+00:00] wjcrypto-log.INFO: Extrato efetuado na conta de ID: 52 [] []
[2021-12-21T11:09:13.784566+00:00] wjcrypto-log.INFO: Método: POST | Rota: /trilha01/company/ [] []
[2021-12-21T11:09:30.982502+00:00] wjcrypto-log.INFO: Método: POST | Rota: /trilha01/auth/ [] []
[2021-12-21T11:09:31.050344+00:00] wjcrypto-log.INFO: Login efetuado pelo usuário: contato@webjump.com.br [] []
[2021-12-21T11:10:00.483689+00:00] wjcrypto-log.INFO: Método: GET | Rota: /trilha01/dashboard/ [] []
[2021-12-21T11:10:07.131595+00:00] wjcrypto-log.INFO: Método: GET | Rota: /trilha01/dashboard/ [] []
[2021-12-21T11:10:07.142466+00:00] wjcrypto-log.INFO: Extrato efetuado na conta de ID: 53 [] []
[2021-12-21T11:10:23.233645+00:00] wjcrypto-log.INFO: Método: PUT | Rota: /trilha01/transaction/53/deposit/ [] []
[2021-12-21T11:10:23.260765+00:00] wjcrypto-log.INFO: Depósito efetuado na conta de ID: 53 [] []
[2021-12-21T11:10:27.663235+00:00] wjcrypto-log.INFO: Método: GET | Rota: /trilha01/dashboard/ [] []
[2021-12-21T11:10:27.682471+00:00] wjcrypto-log.INFO: Extrato efetuado na conta de ID: 53 [] []
[2021-12-21T11:10:51.832361+00:00] wjcrypto-log.INFO: Método: GET | Rota: /trilha01/dashboard/ [] []
[2021-12-21T11:10:51.849768+00:00] wjcrypto-log.INFO: Extrato efetuado na conta de ID: 52 [] []
[2021-12-21T11:11:44.171222+00:00] wjcrypto-log.INFO: Método: GET | Rota: /trilha01/dashboard/ [] []
[2021-12-21T11:11:44.188537+00:00] wjcrypto-log.INFO: Extrato efetuado na conta de ID: 53 [] []
[2021-12-21T11:12:04.342207+00:00] wjcrypto-log.INFO: Método: PUT | Rota: /trilha01/transaction/34/transfer/ [] []
[2021-12-21T11:13:41.458789+00:00] wjcrypto-log.INFO: Método: PUT | Rota: /trilha01/transaction/34/transfer/ [] []
[2021-12-21T11:14:13.847592+00:00] wjcrypto-log.INFO: Método: PUT | Rota: /trilha01/transaction/53/transfer/ [] []
[2021-12-21T11:14:13.870065+00:00] wjcrypto-log.INFO: Transferência efetuada da conta ID: 53 para a conta ID: 52 [] []
[2021-12-21T11:14:19.559230+00:00] wjcrypto-log.INFO: Método: GET | Rota: /trilha01/dashboard/ [] []
[2021-12-21T11:14:19.585870+00:00] wjcrypto-log.INFO: Extrato efetuado na conta de ID: 52 [] []
